INFO: [HLS 200-10] Running '/home/wardo/Documents/Xilinx/Vitis/2020.1/bin/unwrapped/lnx64.o/vitis_hls'
INFO: [HLS 200-10] For user 'wardo' on host 'Wardo' (Linux_x86_64 version 5.4.0-77-generic) on Sun Jun 27 17:45:54 CEST 2021
INFO: [HLS 200-10] On os Ubuntu 20.04.2 LTS
INFO: [HLS 200-10] In directory '/home/wardo/Documents/repos/Pynq/ejemplos/fft'
Sourcing Tcl script '/home/wardo/Documents/repos/Pynq/ejemplos/fft/hls-proj/solution1/export.tcl'
INFO: [HLS 200-10] Opening project '/home/wardo/Documents/repos/Pynq/ejemplos/fft/hls-proj'.
INFO: [HLS 200-10] Adding design file 'fft.cpp' to the project
INFO: [HLS 200-10] Adding design file 'fft.h' to the project
INFO: [HLS 200-10] Adding test bench file 'fft_tb.cpp' to the project
INFO: [HLS 200-10] Opening solution '/home/wardo/Documents/repos/Pynq/ejemplos/fft/hls-proj/solution1'.
INFO: [SYN 201-201] Setting up clock 'default' with a period of 10ns.
INFO: [HLS 200-10] Setting target device to 'xc7z020-clg400-1'
INFO: [HLS 200-1505] Using flow_target 'vivado'
Resolution: For help on HLS 200-1505 see www.xilinx.com/html_docs/xilinx2020_1/hls-guidance/200-1505.html
INFO: [HLS 200-1464] Running solution command: config_export -format=ip_catalog
INFO: [HLS 200-1464] Running solution command: config_export -output=/home/wardo/Documents/repos/Pynq/ejemplos/fft/hls-proj/fft.zip
INFO: [HLS 200-1464] Running solution command: config_export -rtl=vhdl
INFO: [IMPL 213-8] Exporting RTL as a Vivado IP.

****** Vivado v2020.1.1 (64-bit)
  **** SW Build 2960000 on Wed Aug  5 22:57:21 MDT 2020
  **** IP Build 2956692 on Thu Aug  6 01:41:30 MDT 2020
    ** Copyright 1986-2020 Xilinx, Inc. All Rights Reserved.

source run_ippack.tcl -notrace
INFO: [IP_Flow 19-234] Refreshing IP repositories
INFO: [IP_Flow 19-1704] No user IP repositories specified
INFO: [IP_Flow 19-2313] Loaded Vivado IP repository '/home/wardo/Documents/Xilinx/Vivado/2020.1/data/ip'.
create_ip: Time (s): cpu = 00:00:04 ; elapsed = 00:00:06 . Memory (MB): peak = 2056.008 ; gain = 42.863 ; free physical = 14824 ; free virtual = 24199
INFO: [IP_Flow 19-1686] Generating 'Synthesis' target for IP 'fft_ap_sitodp_4_no_dsp_64'...
INFO: [IP_Flow 19-1686] Generating 'Simulation' target for IP 'fft_ap_sitodp_4_no_dsp_64'...
INFO: [IP_Flow 19-234] Refreshing IP repositories
INFO: [IP_Flow 19-1704] No user IP repositories specified
INFO: [IP_Flow 19-2313] Loaded Vivado IP repository '/home/wardo/Documents/Xilinx/Vivado/2020.1/data/ip'.
INFO: [Common 17-206] Exiting Vivado at Sun Jun 27 17:46:52 2021...
INFO: [HLS 200-802] Generated output file hls-proj/fft.zip
